<?xml version="1.0" encoding="UTF-8"?>
<testsuite name="runners.ChromeTest" tests="0" skipped="0" failures="0" errors="0" timestamp="1970-01-01T00:00:00" hostname="inote503.iteris.local" time="0.0">
  <properties/>
  <system-out><![CDATA[# encoding: utf-8
# language: pt
Funcionalidade: Login

  Cenario: Login no site                         ?[90m# login.feature:6?[0m
    ?[32mDado ?[0m?[32mque um usuario entre com o user "?[0m?[32m?[1madmin?[0m?[32m"?[0m ?[90m# LoginSteps.queUmUsuarioEntreComOUser(String)?[0m
    ?[32mE ?[0m?[32ma senha "?[0m?[32m?[1madmin?[0m?[32m"?[0m                            ?[90m# LoginSteps.aSenha(String)?[0m
    ?[32mQuando ?[0m?[32mclicar no botão login?[0m                 ?[90m# LoginSteps.clicarNoBotãoLogin()?[0m
    ?[32mEntão ?[0m?[32mdeve ocorrer o login com sucesso?[0m       ?[90m# LoginSteps.deveOcorrerOLoginComSucesso()?[0m

1 Scenarios (?[32m1 passed?[0m)
4 Steps (?[32m4 passed?[0m)
0m1.582s

]]></system-out>
  <system-err><![CDATA[Starting ChromeDriver 78.0.3904.105 (60e2d8774a8151efa6a00b1f358371b1e0e07ee2-refs/branch-heads/3904@{#877}) on port 34460
Only local connections are allowed.
Please protect ports used by ChromeDriver and related test frameworks to prevent access by malicious code.
Dec 08, 2019 1:15:28 AM org.openqa.selenium.remote.ProtocolHandshake createSession
INFO: Detected dialect: W3C
]]></system-err>
</testsuite>
